<?xml version="1.0" encoding="UTF-8"?>
<testsuite xmlns:xsi="http://www.w3.org/2001/XMLSchema-instance" xsi:noNamespaceSchemaLocation="https://maven.apache.org/surefire/maven-surefire-plugin/xsd/surefire-test-report.xsd" name="com.linxb.railroad.center.DijkstraDirectedStrategyTest" time="0.174" tests="12" errors="0" skipped="0" failures="0">
  <properties>
[...]
</properties>
  <testcase name="testToMatrix" classname="com.linxb.railroad.center.DijkstraDirectedStrategyTest" time="0.105"/>
  <testcase name="testHeap" classname="com.linxb.railroad.center.DijkstraDirectedStrategyTest" time="0.003"/>
  <testcase name="testGetShortestDistance2AllNodes" classname="com.linxb.railroad.center.DijkstraDirectedStrategyTest" time="0"/>
  <testcase name="testGetSpecialRoutDistance" classname="com.linxb.railroad.center.DijkstraDirectedStrategyTest" time="0.001"/>
  <testcase name="testGetShortestDistance2AllNodes1" classname="com.linxb.railroad.center.DijkstraDirectedStrategyTest" time="0.008"/>
  <testcase name="testToMatrix1" classname="com.linxb.railroad.center.DijkstraDirectedStrategyTest" time="0.011"/>
  <testcase name="testToMatrix2" classname="com.linxb.railroad.center.DijkstraDirectedStrategyTest" time="0.009"/>
  <testcase name="testDijkstraDirectedStrategyInit" classname="com.linxb.railroad.center.DijkstraDirectedStrategyTest" time="0"/>
  <testcase name="testGetSpecialRoutDistance1" classname="com.linxb.railroad.center.DijkstraDirectedStrategyTest" time="0.006"/>
  <testcase name="testGetSpecialRoutDistance2" classname="com.linxb.railroad.center.DijkstraDirectedStrategyTest" time="0.01"/>
  <testcase name="testGetRoutesBetweenTwoNodes1" classname="com.linxb.railroad.center.DijkstraDirectedStrategyTest" time="0.015"/>
  <testcase name="testGetRoutesBetweenTwoNodes" classname="com.linxb.railroad.center.DijkstraDirectedStrategyTest" time="0"/>
</testsuite>