<?xml version="1.0" encoding="UTF-8"?>
<testsuite xmlns:xsi="http://www.w3.org/2001/XMLSchema-instance" xsi:noNamespaceSchemaLocation="https://maven.apache.org/surefire/maven-surefire-plugin/xsd/surefire-test-report.xsd" name="com.linxb.railroad.center.EnvironmentTest" time="0.2" tests="36" errors="0" skipped="0" failures="0">
  <properties>
[...]
</properties>
  <testcase name="testGetShortestDistance2AllNodes1" classname="com.linxb.railroad.center.EnvironmentTest" time="0"/>
  <testcase name="testGetShortestDistance2AllNodes2" classname="com.linxb.railroad.center.EnvironmentTest" time="0.002"/>
  <testcase name="testGetShortestDistance2AllNodes3" classname="com.linxb.railroad.center.EnvironmentTest" time="0.037"/>
  <testcase name="testEnvironmentInit1" classname="com.linxb.railroad.center.EnvironmentTest" time="0"/>
  <testcase name="testEnvironmentInit2" classname="com.linxb.railroad.center.EnvironmentTest" time="0.021"/>
  <testcase name="testEnvironmentInit3" classname="com.linxb.railroad.center.EnvironmentTest" time="0.001"/>
  <testcase name="testEnvironmentInit4" classname="com.linxb.railroad.center.EnvironmentTest" time="0.005"/>
  <testcase name="testEnvironmentInit5" classname="com.linxb.railroad.center.EnvironmentTest" time="0"/>
  <testcase name="testEnvironmentInit6" classname="com.linxb.railroad.center.EnvironmentTest" time="0"/>
  <testcase name="testGetDistances1" classname="com.linxb.railroad.center.EnvironmentTest" time="0.001"/>
  <testcase name="testGetDistances2" classname="com.linxb.railroad.center.EnvironmentTest" time="0.001"/>
  <testcase name="testGetDistances3" classname="com.linxb.railroad.center.EnvironmentTest" time="0.007"/>
  <testcase name="testGetRepeatableRoutesWithoutSteps1" classname="com.linxb.railroad.center.EnvironmentTest" time="0"/>
  <testcase name="testGetRepeatableRoutesWithoutSteps2" classname="com.linxb.railroad.center.EnvironmentTest" time="0.002"/>
  <testcase name="testGetRepeatableRoutesWithoutSteps3" classname="com.linxb.railroad.center.EnvironmentTest" time="0.006"/>
  <testcase name="testGetRepeatableRoutesWithoutSteps4" classname="com.linxb.railroad.center.EnvironmentTest" time="0.01"/>
  <testcase name="getRepeatableRoutesWithinDistance1" classname="com.linxb.railroad.center.EnvironmentTest" time="0.004"/>
  <testcase name="getRepeatableRoutesWithinDistance2" classname="com.linxb.railroad.center.EnvironmentTest" time="0.003"/>
  <testcase name="getRepeatableRoutesWithinDistance3" classname="com.linxb.railroad.center.EnvironmentTest" time="0.003"/>
  <testcase name="testGetSpecialRoutDistance1" classname="com.linxb.railroad.center.EnvironmentTest" time="0.002"/>
  <testcase name="testGetSpecialRoutDistance2" classname="com.linxb.railroad.center.EnvironmentTest" time="0.006"/>
  <testcase name="testGetSpecialRoutDistance3" classname="com.linxb.railroad.center.EnvironmentTest" time="0.004"/>
  <testcase name="testGetSpecialRoutDistance4" classname="com.linxb.railroad.center.EnvironmentTest" time="0.002"/>
  <testcase name="testGetSpecialRoutDistance5" classname="com.linxb.railroad.center.EnvironmentTest" time="0.037"/>
  <testcase name="testGetSpecialRoutDistance6" classname="com.linxb.railroad.center.EnvironmentTest" time="0"/>
  <testcase name="testGetSpecialRoutDistance7" classname="com.linxb.railroad.center.EnvironmentTest" time="0.001"/>
  <testcase name="testGetSpecialRoutDistance8" classname="com.linxb.railroad.center.EnvironmentTest" time="0.006"/>
  <testcase name="testGetSpecialRoutDistance9" classname="com.linxb.railroad.center.EnvironmentTest" time="0"/>
  <testcase name="testGetSpecialRoutDistanceWithinSteps1" classname="com.linxb.railroad.center.EnvironmentTest" time="0.004"/>
  <testcase name="testGetSpecialRoutDistanceWithinSteps2" classname="com.linxb.railroad.center.EnvironmentTest" time="0.003"/>
  <testcase name="testGetSpecialRoutDistanceWithinSteps3" classname="com.linxb.railroad.center.EnvironmentTest" time="0.004"/>
  <testcase name="testGetSpecialRoutDistanceWithinSteps4" classname="com.linxb.railroad.center.EnvironmentTest" time="0.005"/>
  <testcase name="testGetSpecialRoutDistance10" classname="com.linxb.railroad.center.EnvironmentTest" time="0.003"/>
  <testcase name="testGetSpecialRoutDistance11" classname="com.linxb.railroad.center.EnvironmentTest" time="0.003"/>
  <testcase name="testGetSpecialRoutDistance12" classname="com.linxb.railroad.center.EnvironmentTest" time="0.002"/>
  <testcase name="testGetSpecialRoutDistance13" classname="com.linxb.railroad.center.EnvironmentTest" time="0.004"/>
</testsuite>